Arguments: 
  D:\nodejs\node.exe C:\Users\17497\AppData\Roaming\npm\node_modules\yarn\bin\yarn.js add @react-three/cannon

PATH: 
  C:\Program Files\Common Files\Oracle\Java\javapath;D:\VMware\VMware Workstation\bin\;C:\Windows\system32;C:\Windows;C:\Windows\System32\Wbem;C:\Windows\System32\WindowsPowerShell\v1.0\;C:\Windows\System32\OpenSSH\;C:\Program Files\NVIDIA Corporation\NVIDIA NvDLISR;C:\WINDOWS\system32;C:\WINDOWS;C:\WINDOWS\System32\Wbem;C:\WINDOWS\System32\WindowsPowerShell\v1.0\;C:\WINDOWS\System32\OpenSSH\;C:\Program Files\Git\cmd;D:\MinGW\mingw64\bin;C:\Program Files\Go\bin;C:\WINDOWS\system32;C:\WINDOWS;C:\WINDOWS\System32\Wbem;C:\WINDOWS\System32\WindowsPowerShell\v1.0\;C:\WINDOWS\System32\OpenSSH\;C:\Program Files (x86)\NVIDIA Corporation\PhysX\Common;D:\nodejs\;D:\Android\Sdk\platform-tools;D:\Android\Sdk\emulator;D:\Android\Sdk\tools;D:\Android\Sdk\tools\bin;D:\MATLAB\runtime\win64;D:\MATLAB\bin;D:\MATLAB\polyspace\bin;D:\Ruby30-x64\bin;C:\Users\17497\AppData\Local\Programs\Python\Python39\Scripts\;C:\Users\17497\AppData\Local\Programs\Python\Python39\;C:\Users\17497\AppData\Local\Microsoft\WindowsApps;D:\Microsoft VS Code\bin;C:\Program Files\Bandizip\;C:\Program Files\JetBrains\GoLand 2019.2.3\bin;C:\Users\17497\go\bin;C:\Users\17497\AppData\Roaming\npm

Yarn version: 
  1.22.17

Node version: 
  14.17.5

Platform: 
  win32 x64

Trace: 
  Error: EPERM: operation not permitted, unlink 'D:\Front-end\threejs\vite-project\node_modules\esbuild-windows-64\esbuild.exe'

npm manifest: 
  {
    "name": "vite-project",
    "version": "0.0.0",
    "scripts": {
      "dev": "vite",
      "build": "vite build",
      "serve": "vite preview"
    },
    "dependencies": {
      "@react-three/drei": "^7.20.0",
      "@react-three/fiber": "^7.0.17",
      "express": "^4.17.1",
      "react": "^17.0.0",
      "react-dom": "^17.0.0",
      "three": "^0.134.0"
    },
    "devDependencies": {
      "@vitejs/plugin-react": "^1.0.0",
      "vite": "^2.6.4"
    }
  }

yarn manifest: 
  No manifest

Lockfile: 
  # THIS IS AN AUTOGENERATED FILE. DO NOT EDIT THIS FILE DIRECTLY.
  # yarn lockfile v1
  
  
  "@babel/code-frame@^7.16.0":
    "integrity" "sha1-DfyAMJvuyEEeZecGRhxAiwu5tDE="
    "resolved" "https://registry.npmmirror.com/@babel/code-frame/download/@babel/code-frame-7.16.0.tgz?cache=0&sync_timestamp=1635560657003&other_urls=https%3A%2F%2Fregistry.npmmirror.com%2F%40babel%2Fcode-frame%2Fdownload%2F%40babel%2Fcode-frame-7.16.0.tgz"
    "version" "7.16.0"
    dependencies:
      "@babel/highlight" "^7.16.0"
  
  "@babel/compat-data@^7.16.0":
    "integrity" "sha1-6iadf3jes6eCbDmkBI7s2lQevao="
    "resolved" "https://registry.npmmirror.com/@babel/compat-data/download/@babel/compat-data-7.16.0.tgz"
    "version" "7.16.0"
  
  "@babel/core@^7.0.0", "@babel/core@^7.0.0-0", "@babel/core@^7.15.5":
    "integrity" "sha1-xP9EBG9f4xBSXMnrTvUUfwxTdNQ="
    "resolved" "https://registry.npmmirror.com/@babel/core/download/@babel/core-7.16.0.tgz"
    "version" "7.16.0"
    dependencies:
      "@babel/code-frame" "^7.16.0"
      "@babel/generator" "^7.16.0"
      "@babel/helper-compilation-targets" "^7.16.0"
      "@babel/helper-module-transforms" "^7.16.0"
      "@babel/helpers" "^7.16.0"
      "@babel/parser" "^7.16.0"
      "@babel/template" "^7.16.0"
      "@babel/traverse" "^7.16.0"
      "@babel/types" "^7.16.0"
      "convert-source-map" "^1.7.0"
      "debug" "^4.1.0"
      "gensync" "^1.0.0-beta.2"
      "json5" "^2.1.2"
      "semver" "^6.3.0"
      "source-map" "^0.5.0"
  
  "@babel/generator@^7.16.0":
    "integrity" "sha1-1A89HVB15i01ALzLZ/PaqKlSZbI="
    "resolved" "https://registry.npmmirror.com/@babel/generator/download/@babel/generator-7.16.0.tgz?cache=0&sync_timestamp=1635560700747&other_urls=https%3A%2F%2Fregistry.npmmirror.com%2F%40babel%2Fgenerator%2Fdownload%2F%40babel%2Fgenerator-7.16.0.tgz"
    "version" "7.16.0"
    dependencies:
      "@babel/types" "^7.16.0"
      "jsesc" "^2.5.1"
      "source-map" "^0.5.0"
  
  "@babel/helper-annotate-as-pure@^7.16.0":
    "integrity" "sha1-mh8OvNpT2aLQAQjEzqzmpdXx8I0="
    "resolved" "https://registry.npmmirror.com/@babel/helper-annotate-as-pure/download/@babel/helper-annotate-as-pure-7.16.0.tgz"
    "version" "7.16.0"
    dependencies:
      "@babel/types" "^7.16.0"
  
  "@babel/helper-compilation-targets@^7.16.0":
    "integrity" "sha1-AdYVdi55bBeVLCnj7enW3gfSNag="
    "resolved" "https://registry.npmmirror.com/@babel/helper-compilation-targets/download/@babel/helper-compilation-targets-7.16.0.tgz"
    "version" "7.16.0"
    dependencies:
      "@babel/compat-data" "^7.16.0"
      "@babel/helper-validator-option" "^7.14.5"
      "browserslist" "^4.16.6"
      "semver" "^6.3.0"
  
  "@babel/helper-function-name@^7.16.0":
    "integrity" "sha1-t90Hl9ALv+5PB+nE6lsOMMi7FIE="
    "resolved" "https://registry.npmmirror.com/@babel/helper-function-name/download/@babel/helper-function-name-7.16.0.tgz"
    "version" "7.16.0"
    dependencies:
      "@babel/helper-get-function-arity" "^7.16.0"
      "@babel/template" "^7.16.0"
      "@babel/types" "^7.16.0"
  
  "@babel/helper-get-function-arity@^7.16.0":
    "integrity" "sha1-AIjHSGspqctdlIsaHeRttm4InPo="
    "resolved" "https://registry.npmmirror.com/@babel/helper-get-function-arity/download/@babel/helper-get-function-arity-7.16.0.tgz"
    "version" "7.16.0"
    dependencies:
      "@babel/types" "^7.16.0"
  
  "@babel/helper-hoist-variables@^7.16.0":
    "integrity" "sha1-TJAjwvHe9+KP9G/B2802o5vqqBo="
    "resolved" "https://registry.npmmirror.com/@babel/helper-hoist-variables/download/@babel/helper-hoist-variables-7.16.0.tgz"
    "version" "7.16.0"
    dependencies:
      "@babel/types" "^7.16.0"
  
  "@babel/helper-member-expression-to-functions@^7.16.0":
    "integrity" "sha1-KShwQO/Rl8d2Nu91GI6B2ovM1aQ="
    "resolved" "https://registry.npmmirror.com/@babel/helper-member-expression-to-functions/download/@babel/helper-member-expression-to-functions-7.16.0.tgz"
    "version" "7.16.0"
    dependencies:
      "@babel/types" "^7.16.0"
  
  "@babel/helper-module-imports@^7.16.0":
    "integrity" "sha1-kFOOYLZy7PG0SPX09UM9N+eaPsM="
    "resolved" "https://registry.npmmirror.com/@babel/helper-module-imports/download/@babel/helper-module-imports-7.16.0.tgz?cache=0&sync_timestamp=1635560941965&other_urls=https%3A%2F%2Fregistry.npmmirror.com%2F%40babel%2Fhelper-module-imports%2Fdownload%2F%40babel%2Fhelper-module-imports-7.16.0.tgz"
    "version" "7.16.0"
    dependencies:
      "@babel/types" "^7.16.0"
  
  "@babel/helper-module-transforms@^7.16.0":
    "integrity" "sha1-HIKo3UyzRXdQLr0pCWmbGUw+m7U="
    "resolved" "https://registry.npmmirror.com/@babel/helper-module-transforms/download/@babel/helper-module-transforms-7.16.0.tgz"
    "version" "7.16.0"
    dependencies:
      "@babel/helper-module-imports" "^7.16.0"
      "@babel/helper-replace-supers" "^7.16.0"
      "@babel/helper-simple-access" "^7.16.0"
      "@babel/helper-split-export-declaration" "^7.16.0"
      "@babel/helper-validator-identifier" "^7.15.7"
      "@babel/template" "^7.16.0"
      "@babel/traverse" "^7.16.0"
      "@babel/types" "^7.16.0"
  
  "@babel/helper-optimise-call-expression@^7.16.0":
    "integrity" "sha1-zs2xRdcMVAlrFWT46fEM19GTszg="
    "resolved" "https://registry.npmmirror.com/@babel/helper-optimise-call-expression/download/@babel/helper-optimise-call-expression-7.16.0.tgz"
    "version" "7.16.0"
    dependencies:
      "@babel/types" "^7.16.0"
  
  "@babel/helper-plugin-utils@^7.14.5":
    "integrity" "sha1-WsgizpfuxGdBq3ClF5ceRDpwxak="
    "resolved" "https://registry.nlark.com/@babel/helper-plugin-utils/download/@babel/helper-plugin-utils-7.14.5.tgz?cache=0&sync_timestamp=1623280305577&other_urls=https%3A%2F%2Fregistry.nlark.com%2F%40babel%2Fhelper-plugin-utils%2Fdownload%2F%40babel%2Fhelper-plugin-utils-7.14.5.tgz"
    "version" "7.14.5"
  
  "@babel/helper-replace-supers@^7.16.0":
    "integrity" "sha1-cwVejTz5vLqN21XK2T/tyGD2jxc="
    "resolved" "https://registry.npmmirror.com/@babel/helper-replace-supers/download/@babel/helper-replace-supers-7.16.0.tgz"
    "version" "7.16.0"
    dependencies:
      "@babel/helper-member-expression-to-functions" "^7.16.0"
      "@babel/helper-optimise-call-expression" "^7.16.0"
      "@babel/traverse" "^7.16.0"
      "@babel/types" "^7.16.0"
  
  "@babel/helper-simple-access@^7.16.0":
    "integrity" "sha1-IdaidiDjg+N1NM9sELugGab5BRc="
    "resolved" "https://registry.npmmirror.com/@babel/helper-simple-access/download/@babel/helper-simple-access-7.16.0.tgz"
    "version" "7.16.0"
    dependencies:
      "@babel/types" "^7.16.0"
  
  "@babel/helper-split-export-declaration@^7.16.0":
    "integrity" "sha1-KWcvQ2Y+k23zcKrrIr7ds7rsdDg="
    "resolved" "https://registry.npmmirror.com/@babel/helper-split-export-declaration/download/@babel/helper-split-export-declaration-7.16.0.tgz"
    "version" "7.16.0"
    dependencies:
      "@babel/types" "^7.16.0"
  
  "@babel/helper-validator-identifier@^7.15.7":
    "integrity" "sha1-Ig35k7/pBKSmsCq08zhaXr9uI4k="
    "resolved" "https://registry.nlark.com/@babel/helper-validator-identifier/download/@babel/helper-validator-identifier-7.15.7.tgz?cache=0&sync_timestamp=1631920857390&other_urls=https%3A%2F%2Fregistry.nlark.com%2F%40babel%2Fhelper-validator-identifier%2Fdownload%2F%40babel%2Fhelper-validator-identifier-7.15.7.tgz"
    "version" "7.15.7"
  
  "@babel/helper-validator-option@^7.14.5":
    "integrity" "sha1-bnKh//GNXfy4eOHmLxoCHEty1aM="
    "resolved" "https://registry.nlark.com/@babel/helper-validator-option/download/@babel/helper-validator-option-7.14.5.tgz?cache=0&sync_timestamp=1623280323607&other_urls=https%3A%2F%2Fregistry.nlark.com%2F%40babel%2Fhelper-validator-option%2Fdownload%2F%40babel%2Fhelper-validator-option-7.14.5.tgz"
    "version" "7.14.5"
  
  "@babel/helpers@^7.16.0":
    "integrity" "sha1-h1UZyXnCMvQa371Do7A5jC44gYM="
    "resolved" "https://registry.npmmirror.com/@babel/helpers/download/@babel/helpers-7.16.0.tgz"
    "version" "7.16.0"
    dependencies:
      "@babel/template" "^7.16.0"
      "@babel/traverse" "^7.16.0"
      "@babel/types" "^7.16.0"
  
  "@babel/highlight@^7.16.0":
    "integrity" "sha1-bOsysspLj182H7f9gh4/3fShclo="
    "resolved" "https://registry.npmmirror.com/@babel/highlight/download/@babel/highlight-7.16.0.tgz"
    "version" "7.16.0"
    dependencies:
      "@babel/helper-validator-identifier" "^7.15.7"
      "chalk" "^2.0.0"
      "js-tokens" "^4.0.0"
  
  "@babel/parser@^7.16.0":
    "integrity" "sha1-NyPNXI2Hc+75bOV+odm3+qzNEqw="
    "resolved" "https://registry.npmmirror.com/@babel/parser/download/@babel/parser-7.16.2.tgz"
    "version" "7.16.2"
  
  "@babel/plugin-syntax-jsx@^7.16.0":
    "integrity" "sha1-+WJDlDFzZamojII1jT+EcRVGmPE="
    "resolved" "https://registry.npmmirror.com/@babel/plugin-syntax-jsx/download/@babel/plugin-syntax-jsx-7.16.0.tgz?cache=0&sync_timestamp=1635578642050&other_urls=https%3A%2F%2Fregistry.npmmirror.com%2F%40babel%2Fplugin-syntax-jsx%2Fdownload%2F%40babel%2Fplugin-syntax-jsx-7.16.0.tgz"
    "version" "7.16.0"
    dependencies:
      "@babel/helper-plugin-utils" "^7.14.5"
  
  "@babel/plugin-transform-react-jsx-development@^7.14.5":
    "integrity" "sha1-HLUodGeNI6sR0NFkiNVHMIBzA+8="
    "resolved" "https://registry.npmmirror.com/@babel/plugin-transform-react-jsx-development/download/@babel/plugin-transform-react-jsx-development-7.16.0.tgz"
    "version" "7.16.0"
    dependencies:
      "@babel/plugin-transform-react-jsx" "^7.16.0"
  
  "@babel/plugin-transform-react-jsx-self@^7.14.9":
    "integrity" "sha1-CSAhWKu8cWoIMw85K/uY1rms+gw="
    "resolved" "https://registry.npmmirror.com/@babel/plugin-transform-react-jsx-self/download/@babel/plugin-transform-react-jsx-self-7.16.0.tgz?cache=0&sync_timestamp=1635892168124&other_urls=https%3A%2F%2Fregistry.npmmirror.com%2F%40babel%2Fplugin-transform-react-jsx-self%2Fdownload%2F%40babel%2Fplugin-transform-react-jsx-self-7.16.0.tgz"
    "version" "7.16.0"
    dependencies:
      "@babel/helper-plugin-utils" "^7.14.5"
  
  "@babel/plugin-transform-react-jsx-source@^7.14.5":
    "integrity" "sha1-1AyVnXgDquOCJFlFhXSGk+hMCiI="
    "resolved" "https://registry.npmmirror.com/@babel/plugin-transform-react-jsx-source/download/@babel/plugin-transform-react-jsx-source-7.16.0.tgz"
    "version" "7.16.0"
    dependencies:
      "@babel/helper-plugin-utils" "^7.14.5"
  
  "@babel/plugin-transform-react-jsx@^7.14.9", "@babel/plugin-transform-react-jsx@^7.16.0":
    "integrity" "sha1-VbeX1JYMPeBOB60cBHbivGpIifE="
    "resolved" "https://registry.npmmirror.com/@babel/plugin-transform-react-jsx/download/@babel/plugin-transform-react-jsx-7.16.0.tgz"
    "version" "7.16.0"
    dependencies:
      "@babel/helper-annotate-as-pure" "^7.16.0"
      "@babel/helper-module-imports" "^7.16.0"
      "@babel/helper-plugin-utils" "^7.14.5"
      "@babel/plugin-syntax-jsx" "^7.16.0"
      "@babel/types" "^7.16.0"
  
  "@babel/runtime@^7.11.2", "@babel/runtime@^7.13.10", "@babel/runtime@^7.14.6":
    "integrity" "sha1-4nuXfy4giLokdIv5m14d7OZOTws="
    "resolved" "https://registry.npmmirror.com/@babel/runtime/download/@babel/runtime-7.16.0.tgz"
    "version" "7.16.0"
    dependencies:
      "regenerator-runtime" "^0.13.4"
  
  "@babel/template@^7.16.0":
    "integrity" "sha1-0Wo16/TNdOICCDNW+rId2JNj3dY="
    "resolved" "https://registry.npmmirror.com/@babel/template/download/@babel/template-7.16.0.tgz"
    "version" "7.16.0"
    dependencies:
      "@babel/code-frame" "^7.16.0"
      "@babel/parser" "^7.16.0"
      "@babel/types" "^7.16.0"
  
  "@babel/traverse@^7.16.0":
    "integrity" "sha1-ll32xr/AqVjB5zkoTTyfpKbjxFs="
    "resolved" "https://registry.npmmirror.com/@babel/traverse/download/@babel/traverse-7.16.0.tgz?cache=0&sync_timestamp=1635560939178&other_urls=https%3A%2F%2Fregistry.npmmirror.com%2F%40babel%2Ftraverse%2Fdownload%2F%40babel%2Ftraverse-7.16.0.tgz"
    "version" "7.16.0"
    dependencies:
      "@babel/code-frame" "^7.16.0"
      "@babel/generator" "^7.16.0"
      "@babel/helper-function-name" "^7.16.0"
      "@babel/helper-hoist-variables" "^7.16.0"
      "@babel/helper-split-export-declaration" "^7.16.0"
      "@babel/parser" "^7.16.0"
      "@babel/types" "^7.16.0"
      "debug" "^4.1.0"
      "globals" "^11.1.0"
  
  "@babel/types@^7.16.0":
    "integrity" "sha1-2zsxOAT5aq3Qt3bEgj4SetZyibo="
    "resolved" "https://registry.npmmirror.com/@babel/types/download/@babel/types-7.16.0.tgz?cache=0&sync_timestamp=1635560939610&other_urls=https%3A%2F%2Fregistry.npmmirror.com%2F%40babel%2Ftypes%2Fdownload%2F%40babel%2Ftypes-7.16.0.tgz"
    "version" "7.16.0"
    dependencies:
      "@babel/helper-validator-identifier" "^7.15.7"
      "to-fast-properties" "^2.0.0"
  
  "@chevrotain/types@^9.1.0":
    "integrity" "sha1-aJ8pUr5a2UWdrjyOkgnA9Ow8XsQ="
    "resolved" "https://registry.npmmirror.com/@chevrotain/types/download/@chevrotain/types-9.1.0.tgz"
    "version" "9.1.0"
  
  "@chevrotain/utils@^9.1.0":
    "integrity" "sha1-o0qwaW+Ukd7pNOhImEUX0iY1byE="
    "resolved" "https://registry.npmmirror.com/@chevrotain/utils/download/@chevrotain/utils-9.1.0.tgz"
    "version" "9.1.0"
  
  "@react-three/drei@^7.20.0":
    "integrity" "sha1-MLtKG/5Gv8tHYj+rVru1QbLrbxk="
    "resolved" "https://registry.npmmirror.com/@react-three/drei/download/@react-three/drei-7.20.0.tgz"
    "version" "7.20.0"
    dependencies:
      "@babel/runtime" "^7.11.2"
      "detect-gpu" "^3.1.21"
      "glsl-noise" "^0.0.0"
      "lodash.omit" "^4.5.0"
      "lodash.pick" "^4.4.0"
      "react-composer" "^5.0.1"
      "react-merge-refs" "^1.1.0"
      "stats.js" "^0.17.0"
      "three-mesh-bvh" "^0.5.0"
      "three-stdlib" "^2.5.4"
      "troika-three-text" "^0.43.0"
      "use-asset" "^1.0.4"
      "utility-types" "^3.10.0"
      "zustand" "^3.5.13"
  
  "@react-three/fiber@^7.0.17", "@react-three/fiber@>=6.0":
    "integrity" "sha1-Kt35oxK0b3TRFZbKpFJVeqs0B2I="
    "resolved" "https://registry.npmmirror.com/@react-three/fiber/download/@react-three/fiber-7.0.17.tgz"
    "version" "7.0.17"
    dependencies:
      "@babel/runtime" "^7.13.10"
      "react-merge-refs" "^1.1.0"
      "react-reconciler" "^0.26.2"
      "react-three-fiber" "0.0.0-deprecated"
      "react-use-measure" "^2.0.4"
      "resize-observer-polyfill" "^1.5.1"
      "scheduler" "^0.20.2"
      "use-asset" "^1.0.4"
      "utility-types" "^3.10.0"
      "zustand" "^3.5.1"
  
  "@rollup/pluginutils@^4.1.1":
    "integrity" "sha1-HU2obdTt7RVlalfZM/2iuaCNR+w="
    "resolved" "https://registry.nlark.com/@rollup/pluginutils/download/@rollup/pluginutils-4.1.1.tgz?cache=0&sync_timestamp=1626395140635&other_urls=https%3A%2F%2Fregistry.nlark.com%2F%40rollup%2Fpluginutils%2Fdownload%2F%40rollup%2Fpluginutils-4.1.1.tgz"
    "version" "4.1.1"
    dependencies:
      "estree-walker" "^2.0.1"
      "picomatch" "^2.2.2"
  
  "@vitejs/plugin-react@^1.0.0":
    "integrity" "sha1-1UIAOvuuh1+G+4nzgRoPfAyUefU="
    "resolved" "https://registry.npmmirror.com/@vitejs/plugin-react/download/@vitejs/plugin-react-1.0.7.tgz?cache=0&sync_timestamp=1635506193486&other_urls=https%3A%2F%2Fregistry.npmmirror.com%2F%40vitejs%2Fplugin-react%2Fdownload%2F%40vitejs%2Fplugin-react-1.0.7.tgz"
    "version" "1.0.7"
    dependencies:
      "@babel/core" "^7.15.5"
      "@babel/plugin-transform-react-jsx" "^7.14.9"
      "@babel/plugin-transform-react-jsx-development" "^7.14.5"
      "@babel/plugin-transform-react-jsx-self" "^7.14.9"
      "@babel/plugin-transform-react-jsx-source" "^7.14.5"
      "@rollup/pluginutils" "^4.1.1"
      "react-refresh" "^0.10.0"
      "resolve" "^1.20.0"
  
  "@webgpu/glslang@^0.0.15":
    "integrity" "sha1-9cyvYBUkHmF19LkJBrBT+ISD0fI="
    "resolved" "https://registry.npm.taobao.org/@webgpu/glslang/download/@webgpu/glslang-0.0.15.tgz"
    "version" "0.0.15"
  
  "@webxr-input-profiles/motion-controllers@^1.0.0":
    "integrity" "sha1-CoRTMoivOdhb/hmHchA1kl1pvkc="
    "resolved" "https://registry.nlark.com/@webxr-input-profiles/motion-controllers/download/@webxr-input-profiles/motion-controllers-1.0.0.tgz"
    "version" "1.0.0"
  
  "accepts@~1.3.7":
    "integrity" "sha1-UxvHJlF6OytB+FACHGzBXqq1B80="
    "resolved" "https://registry.npm.taobao.org/accepts/download/accepts-1.3.7.tgz"
    "version" "1.3.7"
    dependencies:
      "mime-types" "~2.1.24"
      "negotiator" "0.6.2"
  
  "ansi-styles@^3.2.1":
    "integrity" "sha1-QfuyAkPlCxK+DwS43tvwdSDOhB0="
    "resolved" "https://registry.nlark.com/ansi-styles/download/ansi-styles-3.2.1.tgz"
    "version" "3.2.1"
    dependencies:
      "color-convert" "^1.9.0"
  
  "array-flatten@1.1.1":
    "integrity" "sha1-ml9pkFGx5wczKPKgCJaLZOopVdI="
    "resolved" "https://registry.npm.taobao.org/array-flatten/download/array-flatten-1.1.1.tgz"
    "version" "1.1.1"
  
  "bidi-js@^1.0.2":
    "integrity" "sha1-Gkl6diwt3qN3Qp0mScnOD4qRUn8="
    "resolved" "https://registry.nlark.com/bidi-js/download/bidi-js-1.0.2.tgz"
    "version" "1.0.2"
    dependencies:
      "require-from-string" "^2.0.2"
  
  "body-parser@1.19.0":
    "integrity" "sha1-lrJwnlfJxOCab9Zqj9l5hE9p8Io="
    "resolved" "https://registry.nlark.com/body-parser/download/body-parser-1.19.0.tgz"
    "version" "1.19.0"
    dependencies:
      "bytes" "3.1.0"
      "content-type" "~1.0.4"
      "debug" "2.6.9"
      "depd" "~1.1.2"
      "http-errors" "1.7.2"
      "iconv-lite" "0.4.24"
      "on-finished" "~2.3.0"
      "qs" "6.7.0"
      "raw-body" "2.4.0"
      "type-is" "~1.6.17"
  
  "browserslist@^4.16.6":
    "integrity" "sha1-x2vjPneGtJf2bK0lpzdWyLk4mF0="
    "resolved" "https://registry.npmmirror.com/browserslist/download/browserslist-4.17.6.tgz"
    "version" "4.17.6"
    dependencies:
      "caniuse-lite" "^1.0.30001274"
      "electron-to-chromium" "^1.3.886"
      "escalade" "^3.1.1"
      "node-releases" "^2.0.1"
      "picocolors" "^1.0.0"
  
  "bytes@3.1.0":
    "integrity" "sha1-9s95M6Ng4FiPqf3oVlHNx/gF0fY="
    "resolved" "https://registry.npm.taobao.org/bytes/download/bytes-3.1.0.tgz"
    "version" "3.1.0"
  
  "caniuse-lite@^1.0.30001274":
    "integrity" "sha1-Ucr8hY33fZZrF/WbWDklCyRBf/8="
    "resolved" "https://registry.npmmirror.com/caniuse-lite/download/caniuse-lite-1.0.30001278.tgz?cache=0&sync_timestamp=1636095309539&other_urls=https%3A%2F%2Fregistry.npmmirror.com%2Fcaniuse-lite%2Fdownload%2Fcaniuse-lite-1.0.30001278.tgz"
    "version" "1.0.30001278"
  
  "chalk@^2.0.0":
    "integrity" "sha1-zUJUFnelQzPPVBpJEIwUMrRMlCQ="
    "resolved" "https://registry.nlark.com/chalk/download/chalk-2.4.2.tgz"
    "version" "2.4.2"
    dependencies:
      "ansi-styles" "^3.2.1"
      "escape-string-regexp" "^1.0.5"
      "supports-color" "^5.3.0"
  
  "chevrotain@^9.0.2":
    "integrity" "sha1-yiqBE3Joetb00RwGPNJ6JuX71S0="
    "resolved" "https://registry.npmmirror.com/chevrotain/download/chevrotain-9.1.0.tgz"
    "version" "9.1.0"
    dependencies:
      "@chevrotain/types" "^9.1.0"
      "@chevrotain/utils" "^9.1.0"
      "regexp-to-ast" "0.5.0"
  
  "color-convert@^1.9.0":
    "integrity" "sha1-u3GFBpDh8TZWfeYp0tVHHe2kweg="
    "resolved" "https://registry.nlark.com/color-convert/download/color-convert-1.9.3.tgz"
    "version" "1.9.3"
    dependencies:
      "color-name" "1.1.3"
  
  "color-name@1.1.3":
    "integrity" "sha1-p9BVi9icQveV3UIyj3QIMcpTvCU="
    "resolved" "https://registry.nlark.com/color-name/download/color-name-1.1.3.tgz"
    "version" "1.1.3"
  
  "content-disposition@0.5.3":
    "integrity" "sha1-4TDK9+cnkIfFYWwgB9BIVpiYT70="
    "resolved" "https://registry.nlark.com/content-disposition/download/content-disposition-0.5.3.tgz"
    "version" "0.5.3"
    dependencies:
      "safe-buffer" "5.1.2"
  
  "content-type@~1.0.4":
    "integrity" "sha1-4TjMdeBAxyexlm/l5fjJruJW/js="
    "resolved" "https://registry.nlark.com/content-type/download/content-type-1.0.4.tgz"
    "version" "1.0.4"
  
  "convert-source-map@^1.7.0":
    "integrity" "sha1-8zc8MtIbTXgN2ABFFGhPt5HKQ2k="
    "resolved" "https://registry.nlark.com/convert-source-map/download/convert-source-map-1.8.0.tgz?cache=0&sync_timestamp=1624045451791&other_urls=https%3A%2F%2Fregistry.nlark.com%2Fconvert-source-map%2Fdownload%2Fconvert-source-map-1.8.0.tgz"
    "version" "1.8.0"
    dependencies:
      "safe-buffer" "~5.1.1"
  
  "cookie-signature@1.0.6":
    "integrity" "sha1-4wOogrNCzD7oylE6eZmXNNqzriw="
    "resolved" "https://registry.npm.taobao.org/cookie-signature/download/cookie-signature-1.0.6.tgz"
    "version" "1.0.6"
  
  "cookie@0.4.0":
    "integrity" "sha1-vrQ35wIrO21JAZ0IhmUwPr6cFLo="
    "resolved" "https://registry.nlark.com/cookie/download/cookie-0.4.0.tgz"
    "version" "0.4.0"
  
  "debounce@^1.2.0":
    "integrity" "sha1-OIgdj0FmpcWEgCDBGCe4NLyz4KU="
    "resolved" "https://registry.npm.taobao.org/debounce/download/debounce-1.2.1.tgz"
    "version" "1.2.1"
  
  "debug@^4.1.0":
    "integrity" "sha1-8KScGKyHeeMdSgxgKd+3aHPHQos="
    "resolved" "https://registry.nlark.com/debug/download/debug-4.3.2.tgz?cache=0&sync_timestamp=1625374675284&other_urls=https%3A%2F%2Fregistry.nlark.com%2Fdebug%2Fdownload%2Fdebug-4.3.2.tgz"
    "version" "4.3.2"
    dependencies:
      "ms" "2.1.2"
  
  "debug@2.6.9":
    "integrity" "sha1-XRKFFd8TT/Mn6QpMk/Tgd6U2NB8="
    "resolved" "https://registry.nlark.com/debug/download/debug-2.6.9.tgz?cache=0&sync_timestamp=1625374648057&other_urls=https%3A%2F%2Fregistry.nlark.com%2Fdebug%2Fdownload%2Fdebug-2.6.9.tgz"
    "version" "2.6.9"
    dependencies:
      "ms" "2.0.0"
  
  "depd@~1.1.2":
    "integrity" "sha1-m81S4UwJd2PnSbJ0xDRu0uVgtak="
    "resolved" "https://registry.nlark.com/depd/download/depd-1.1.2.tgz"
    "version" "1.1.2"
  
  "destroy@~1.0.4":
    "integrity" "sha1-l4hXRCxEdJ5CBmE+N5RiBYJqvYA="
    "resolved" "https://registry.nlark.com/destroy/download/destroy-1.0.4.tgz"
    "version" "1.0.4"
  
  "detect-gpu@^3.1.21":
    "integrity" "sha1-p/BCBWQqtD0UqKaMR4WWTszMXpU="
    "resolved" "https://registry.npmmirror.com/detect-gpu/download/detect-gpu-3.1.24.tgz"
    "version" "3.1.24"
    dependencies:
      "webgl-constants" "^1.1.1"
  
  "draco3d@^1.4.1":
    "integrity" "sha1-bjzASzEDbj5leR9Y7LQNjb/o4Bg="
    "resolved" "https://registry.npmmirror.com/draco3d/download/draco3d-1.4.3.tgz"
    "version" "1.4.3"
  
  "ee-first@1.1.1":
    "integrity" "sha1-WQxhFWsK4vTwJVcyoViyZrxWsh0="
    "resolved" "https://registry.npm.taobao.org/ee-first/download/ee-first-1.1.1.tgz"
    "version" "1.1.1"
  
  "electron-to-chromium@^1.3.886":
    "integrity" "sha1-C3xvdihVlZLVQG3tooF4jzcQd5A="
    "resolved" "https://registry.npmmirror.com/electron-to-chromium/download/electron-to-chromium-1.3.889.tgz?cache=0&sync_timestamp=1636052938458&other_urls=https%3A%2F%2Fregistry.npmmirror.com%2Felectron-to-chromium%2Fdownload%2Felectron-to-chromium-1.3.889.tgz"
    "version" "1.3.889"
  
  "encodeurl@~1.0.2":
    "integrity" "sha1-rT/0yG7C0CkyL1oCw6mmBslbP1k="
    "resolved" "https://registry.nlark.com/encodeurl/download/encodeurl-1.0.2.tgz"
    "version" "1.0.2"
  
  "esbuild-windows-64@0.13.12":
    "integrity" "sha1-rmlKpmygeKy4UJstoxGX7R9A95g="
    "resolved" "https://registry.npmmirror.com/esbuild-windows-64/download/esbuild-windows-64-0.13.12.tgz?cache=0&sync_timestamp=1635657422717&other_urls=https%3A%2F%2Fregistry.npmmirror.com%2Fesbuild-windows-64%2Fdownload%2Fesbuild-windows-64-0.13.12.tgz"
    "version" "0.13.12"
  
  "esbuild@^0.13.2":
    "integrity" "sha1-nKxkFZS/A880FFJYwJPXQ+u958o="
    "resolved" "https://registry.npmmirror.com/esbuild/download/esbuild-0.13.12.tgz"
    "version" "0.13.12"
    optionalDependencies:
      "esbuild-android-arm64" "0.13.12"
      "esbuild-darwin-64" "0.13.12"
      "esbuild-darwin-arm64" "0.13.12"
      "esbuild-freebsd-64" "0.13.12"
      "esbuild-freebsd-arm64" "0.13.12"
      "esbuild-linux-32" "0.13.12"
      "esbuild-linux-64" "0.13.12"
      "esbuild-linux-arm" "0.13.12"
      "esbuild-linux-arm64" "0.13.12"
      "esbuild-linux-mips64le" "0.13.12"
      "esbuild-linux-ppc64le" "0.13.12"
      "esbuild-netbsd-64" "0.13.12"
      "esbuild-openbsd-64" "0.13.12"
      "esbuild-sunos-64" "0.13.12"
      "esbuild-windows-32" "0.13.12"
      "esbuild-windows-64" "0.13.12"
      "esbuild-windows-arm64" "0.13.12"
  
  "escalade@^3.1.1":
    "integrity" "sha1-2M/ccACWXFoBdLSoLqpcBVJ0LkA="
    "resolved" "https://registry.nlark.com/escalade/download/escalade-3.1.1.tgz"
    "version" "3.1.1"
  
  "escape-html@~1.0.3":
    "integrity" "sha1-Aljq5NPQwJdN4cFpGI7wBR0dGYg="
    "resolved" "https://registry.nlark.com/escape-html/download/escape-html-1.0.3.tgz"
    "version" "1.0.3"
  
  "escape-string-regexp@^1.0.5":
    "integrity" "sha1-G2HAViGQqN/2rjuyzwIAyhMLhtQ="
    "resolved" "https://registry.npm.taobao.org/escape-string-regexp/download/escape-string-regexp-1.0.5.tgz"
    "version" "1.0.5"
  
  "estree-walker@^2.0.1":
    "integrity" "sha1-UvAQF4wqTBF6d1fP6UKtt9LaTKw="
    "resolved" "https://registry.npm.taobao.org/estree-walker/download/estree-walker-2.0.2.tgz"
    "version" "2.0.2"
  
  "etag@~1.8.1":
    "integrity" "sha1-Qa4u62XvpiJorr/qg6x9eSmbCIc="
    "resolved" "https://registry.npm.taobao.org/etag/download/etag-1.8.1.tgz"
    "version" "1.8.1"
  
  "express@^4.17.1":
    "integrity" "sha1-RJH8OGBc9R+GKdOcK10Cb5ikwTQ="
    "resolved" "https://registry.nlark.com/express/download/express-4.17.1.tgz?cache=0&sync_timestamp=1618847120573&other_urls=https%3A%2F%2Fregistry.nlark.com%2Fexpress%2Fdownload%2Fexpress-4.17.1.tgz"
    "version" "4.17.1"
    dependencies:
      "accepts" "~1.3.7"
      "array-flatten" "1.1.1"
      "body-parser" "1.19.0"
      "content-disposition" "0.5.3"
      "content-type" "~1.0.4"
      "cookie" "0.4.0"
      "cookie-signature" "1.0.6"
      "debug" "2.6.9"
      "depd" "~1.1.2"
      "encodeurl" "~1.0.2"
      "escape-html" "~1.0.3"
      "etag" "~1.8.1"
      "finalhandler" "~1.1.2"
      "fresh" "0.5.2"
      "merge-descriptors" "1.0.1"
      "methods" "~1.1.2"
      "on-finished" "~2.3.0"
      "parseurl" "~1.3.3"
      "path-to-regexp" "0.1.7"
      "proxy-addr" "~2.0.5"
      "qs" "6.7.0"
      "range-parser" "~1.2.1"
      "safe-buffer" "5.1.2"
      "send" "0.17.1"
      "serve-static" "1.14.1"
      "setprototypeof" "1.1.1"
      "statuses" "~1.5.0"
      "type-is" "~1.6.18"
      "utils-merge" "1.0.1"
      "vary" "~1.1.2"
  
  "fast-deep-equal@^3.1.3":
    "integrity" "sha1-On1WtVnWy8PrUSMlJE5hmmXGxSU="
    "resolved" "https://registry.npm.taobao.org/fast-deep-equal/download/fast-deep-equal-3.1.3.tgz"
    "version" "3.1.3"
  
  "fflate@^0.6.9":
    "integrity" "sha1-X0D5ZZIFk2otGKv4iy53gWYrbUM="
    "resolved" "https://registry.nlark.com/fflate/download/fflate-0.6.10.tgz"
    "version" "0.6.10"
  
  "finalhandler@~1.1.2":
    "integrity" "sha1-t+fQAP/RGTjQ/bBTUG9uur6fWH0="
    "resolved" "https://registry.npm.taobao.org/finalhandler/download/finalhandler-1.1.2.tgz"
    "version" "1.1.2"
    dependencies:
      "debug" "2.6.9"
      "encodeurl" "~1.0.2"
      "escape-html" "~1.0.3"
      "on-finished" "~2.3.0"
      "parseurl" "~1.3.3"
      "statuses" "~1.5.0"
      "unpipe" "~1.0.0"
  
  "forwarded@0.2.0":
    "integrity" "sha1-ImmTZCiq1MFcfr6XeahL8LKoGBE="
    "resolved" "https://registry.nlark.com/forwarded/download/forwarded-0.2.0.tgz"
    "version" "0.2.0"
  
  "fresh@0.5.2":
    "integrity" "sha1-PYyt2Q2XZWn6g1qx+OSyOhBWBac="
    "resolved" "https://registry.npm.taobao.org/fresh/download/fresh-0.5.2.tgz"
    "version" "0.5.2"
  
  "function-bind@^1.1.1":
    "integrity" "sha1-pWiZ0+o8m6uHS7l3O3xe3pL0iV0="
    "resolved" "https://registry.nlark.com/function-bind/download/function-bind-1.1.1.tgz"
    "version" "1.1.1"
  
  "gensync@^1.0.0-beta.2":
    "integrity" "sha1-MqbudsPX9S1GsrGuXZP+qFgKJeA="
    "resolved" "https://registry.nlark.com/gensync/download/gensync-1.0.0-beta.2.tgz"
    "version" "1.0.0-beta.2"
  
  "globals@^11.1.0":
    "integrity" "sha1-q4eVM4hooLq9hSV1gBjCp+uVxC4="
    "resolved" "https://registry.npmmirror.com/globals/download/globals-11.12.0.tgz"
    "version" "11.12.0"
  
  "glsl-noise@^0.0.0":
    "integrity" "sha1-NndF86MzgsDu7Ey1S36Zz8HXZws="
    "resolved" "https://registry.nlark.com/glsl-noise/download/glsl-noise-0.0.0.tgz"
    "version" "0.0.0"
  
  "has-flag@^3.0.0":
    "integrity" "sha1-tdRU3CGZriJWmfNGfloH87lVuv0="
    "resolved" "https://registry.nlark.com/has-flag/download/has-flag-3.0.0.tgz"
    "version" "3.0.0"
  
  "has@^1.0.3":
    "integrity" "sha1-ci18v8H2qoJB8W3YFOAR4fQeh5Y="
    "resolved" "https://registry.nlark.com/has/download/has-1.0.3.tgz"
    "version" "1.0.3"
    dependencies:
      "function-bind" "^1.1.1"
  
  "http-errors@~1.7.2", "http-errors@1.7.2":
    "integrity" "sha1-T1ApzxMjnzEDblsuVSkrz7zIXI8="
    "resolved" "https://registry.npm.taobao.org/http-errors/download/http-errors-1.7.2.tgz"
    "version" "1.7.2"
    dependencies:
      "depd" "~1.1.2"
      "inherits" "2.0.3"
      "setprototypeof" "1.1.1"
      "statuses" ">= 1.5.0 < 2"
      "toidentifier" "1.0.0"
  
  "iconv-lite@0.4.24":
    "integrity" "sha1-ICK0sl+93CHS9SSXSkdKr+czkIs="
    "resolved" "https://registry.nlark.com/iconv-lite/download/iconv-lite-0.4.24.tgz"
    "version" "0.4.24"
    dependencies:
      "safer-buffer" ">= 2.1.2 < 3"
  
  "inherits@2.0.3":
    "integrity" "sha1-Yzwsg+PaQqUC9SRmAiSA9CCCYd4="
    "resolved" "https://registry.nlark.com/inherits/download/inherits-2.0.3.tgz"
    "version" "2.0.3"
  
  "ipaddr.js@1.9.1":
    "integrity" "sha1-v/OFQ+64mEglB5/zoqjmy9RngbM="
    "resolved" "https://registry.nlark.com/ipaddr.js/download/ipaddr.js-1.9.1.tgz"
    "version" "1.9.1"
  
  "is-core-module@^2.2.0":
    "integrity" "sha1-AyEzbD0JJeSX/Zf12VyxFKXM1Ug="
    "resolved" "https://registry.npmmirror.com/is-core-module/download/is-core-module-2.8.0.tgz?cache=0&sync_timestamp=1634236731601&other_urls=https%3A%2F%2Fregistry.npmmirror.com%2Fis-core-module%2Fdownload%2Fis-core-module-2.8.0.tgz"
    "version" "2.8.0"
    dependencies:
      "has" "^1.0.3"
  
  "js-tokens@^3.0.0 || ^4.0.0", "js-tokens@^4.0.0":
    "integrity" "sha1-GSA/tZmR35jjoocFDUZHzerzJJk="
    "resolved" "https://registry.nlark.com/js-tokens/download/js-tokens-4.0.0.tgz?cache=0&sync_timestamp=1619345098261&other_urls=https%3A%2F%2Fregistry.nlark.com%2Fjs-tokens%2Fdownload%2Fjs-tokens-4.0.0.tgz"
    "version" "4.0.0"
  
  "jsesc@^2.5.1":
    "integrity" "sha1-gFZNLkg9rPbo7yCWUKZ98/DCg6Q="
    "resolved" "https://registry.npm.taobao.org/jsesc/download/jsesc-2.5.2.tgz?cache=0&sync_timestamp=1603891161295&other_urls=https%3A%2F%2Fregistry.npm.taobao.org%2Fjsesc%2Fdownload%2Fjsesc-2.5.2.tgz"
    "version" "2.5.2"
  
  "json5@^2.1.2":
    "integrity" "sha1-Lf7+cgxrpSXZ69kJlQ8FFTFsiaM="
    "resolved" "https://registry.npm.taobao.org/json5/download/json5-2.2.0.tgz?cache=0&sync_timestamp=1612146079519&other_urls=https%3A%2F%2Fregistry.npm.taobao.org%2Fjson5%2Fdownload%2Fjson5-2.2.0.tgz"
    "version" "2.2.0"
    dependencies:
      "minimist" "^1.2.5"
  
  "ktx-parse@^0.2.1":
    "integrity" "sha1-aAXAkp6uCh9XGrPOeJ6GDpE1tDI="
    "resolved" "https://registry.nlark.com/ktx-parse/download/ktx-parse-0.2.1.tgz"
    "version" "0.2.1"
  
  "lodash.omit@^4.5.0":
    "integrity" "sha1-brGa5aHuHdnfC5aeZs4Lf6MLXmA="
    "resolved" "https://registry.npm.taobao.org/lodash.omit/download/lodash.omit-4.5.0.tgz"
    "version" "4.5.0"
  
  "lodash.pick@^4.4.0":
    "integrity" "sha1-UvBWEP/53tQiYRRB7R/BI6AwAbM="
    "resolved" "https://registry.npm.taobao.org/lodash.pick/download/lodash.pick-4.4.0.tgz"
    "version" "4.4.0"
  
  "loose-envify@^1.1.0", "loose-envify@^1.4.0":
    "integrity" "sha1-ce5R+nvkyuwaY4OffmgtgTLTDK8="
    "resolved" "https://registry.nlark.com/loose-envify/download/loose-envify-1.4.0.tgz"
    "version" "1.4.0"
    dependencies:
      "js-tokens" "^3.0.0 || ^4.0.0"
  
  "media-typer@0.3.0":
    "integrity" "sha1-hxDXrwqmJvj/+hzgAWhUUmMlV0g="
    "resolved" "https://registry.nlark.com/media-typer/download/media-typer-0.3.0.tgz"
    "version" "0.3.0"
  
  "merge-descriptors@1.0.1":
    "integrity" "sha1-sAqqVW3YtEVoFQ7J0blT8/kMu2E="
    "resolved" "https://registry.nlark.com/merge-descriptors/download/merge-descriptors-1.0.1.tgz"
    "version" "1.0.1"
  
  "methods@~1.1.2":
    "integrity" "sha1-VSmk1nZUE07cxSZmVoNbD4Ua/O4="
    "resolved" "https://registry.npm.taobao.org/methods/download/methods-1.1.2.tgz"
    "version" "1.1.2"
  
  "mime-db@1.50.0":
    "integrity" "sha1-q9SslOmNPA4YUBbGerRdX95AwR8="
    "resolved" "https://registry.nlark.com/mime-db/download/mime-db-1.50.0.tgz?cache=0&sync_timestamp=1631863109039&other_urls=https%3A%2F%2Fregistry.nlark.com%2Fmime-db%2Fdownload%2Fmime-db-1.50.0.tgz"
    "version" "1.50.0"
  
  "mime-types@~2.1.24":
    "integrity" "sha1-H6EqkERy+v0GjkjZ6EAfdNP3Dts="
    "resolved" "https://registry.npmmirror.com/mime-types/download/mime-types-2.1.33.tgz?cache=0&sync_timestamp=1633108207787&other_urls=https%3A%2F%2Fregistry.npmmirror.com%2Fmime-types%2Fdownload%2Fmime-types-2.1.33.tgz"
    "version" "2.1.33"
    dependencies:
      "mime-db" "1.50.0"
  
  "mime@1.6.0":
    "integrity" "sha1-Ms2eXGRVO9WNGaVor0Uqz/BJgbE="
    "resolved" "https://registry.npmmirror.com/mime/download/mime-1.6.0.tgz?cache=0&sync_timestamp=1635900750501&other_urls=https%3A%2F%2Fregistry.npmmirror.com%2Fmime%2Fdownload%2Fmime-1.6.0.tgz"
    "version" "1.6.0"
  
  "minimist@^1.2.5":
    "integrity" "sha1-Z9ZgFLZqaoqqDAg8X9WN9OTpdgI="
    "resolved" "https://registry.nlark.com/minimist/download/minimist-1.2.5.tgz?cache=0&sync_timestamp=1618847003091&other_urls=https%3A%2F%2Fregistry.nlark.com%2Fminimist%2Fdownload%2Fminimist-1.2.5.tgz"
    "version" "1.2.5"
  
  "mmd-parser@^1.0.4":
    "integrity" "sha1-h8wFeCy1l0yoVPAwP8UUe8nWkOc="
    "resolved" "https://registry.nlark.com/mmd-parser/download/mmd-parser-1.0.4.tgz"
    "version" "1.0.4"
  
  "ms@2.0.0":
    "integrity" "sha1-VgiurfwAvmwpAd9fmGF4jeDVl8g="
    "resolved" "https://registry.npmmirror.com/ms/download/ms-2.0.0.tgz"
    "version" "2.0.0"
  
  "ms@2.1.1":
    "integrity" "sha1-MKWGTrPrsKZvLr5tcnrwagnYbgo="
    "resolved" "https://registry.npmmirror.com/ms/download/ms-2.1.1.tgz"
    "version" "2.1.1"
  
  "ms@2.1.2":
    "integrity" "sha1-0J0fNXtEP0kzgqjrPM0YOHKuYAk="
    "resolved" "https://registry.npmmirror.com/ms/download/ms-2.1.2.tgz"
    "version" "2.1.2"
  
  "nanoid@^3.1.30":
    "integrity" "sha1-Y/k8xUjSoRPcXfvGO/oJ4rm2Q2I="
    "resolved" "https://registry.npmmirror.com/nanoid/download/nanoid-3.1.30.tgz"
    "version" "3.1.30"
  
  "negotiator@0.6.2":
    "integrity" "sha1-/qz3zPUlp3rpY0Q2pkiD/+yjRvs="
    "resolved" "https://registry.nlark.com/negotiator/download/negotiator-0.6.2.tgz"
    "version" "0.6.2"
  
  "node-releases@^2.0.1":
    "integrity" "sha1-PR05XyBPHy8ppUNYuftnh2WtL8U="
    "resolved" "https://registry.npmmirror.com/node-releases/download/node-releases-2.0.1.tgz?cache=0&sync_timestamp=1634806914912&other_urls=https%3A%2F%2Fregistry.npmmirror.com%2Fnode-releases%2Fdownload%2Fnode-releases-2.0.1.tgz"
    "version" "2.0.1"
  
  "object-assign@^4.1.1":
    "integrity" "sha1-IQmtx5ZYh8/AXLvUQsrIv7s2CGM="
    "resolved" "https://registry.nlark.com/object-assign/download/object-assign-4.1.1.tgz"
    "version" "4.1.1"
  
  "on-finished@~2.3.0":
    "integrity" "sha1-IPEzZIGwg811M3mSoWlxqi2QaUc="
    "resolved" "https://registry.nlark.com/on-finished/download/on-finished-2.3.0.tgz"
    "version" "2.3.0"
    dependencies:
      "ee-first" "1.1.1"
  
  "opentype.js@^1.3.3":
    "integrity" "sha1-HA5y5GKIRzzEpMai3GD9f+YCDXc="
    "resolved" "https://registry.npmmirror.com/opentype.js/download/opentype.js-1.3.4.tgz"
    "version" "1.3.4"
    dependencies:
      "string.prototype.codepointat" "^0.2.1"
      "tiny-inflate" "^1.0.3"
  
  "parseurl@~1.3.3":
    "integrity" "sha1-naGee+6NEt/wUT7Vt2lXeTvC6NQ="
    "resolved" "https://registry.npm.taobao.org/parseurl/download/parseurl-1.3.3.tgz?cache=0&sync_timestamp=1615984376007&other_urls=https%3A%2F%2Fregistry.npm.taobao.org%2Fparseurl%2Fdownload%2Fparseurl-1.3.3.tgz"
    "version" "1.3.3"
  
  "path-parse@^1.0.6":
    "integrity" "sha1-+8EUtgykKzDZ2vWFjkvWi77bZzU="
    "resolved" "https://registry.nlark.com/path-parse/download/path-parse-1.0.7.tgz"
    "version" "1.0.7"
  
  "path-to-regexp@0.1.7":
    "integrity" "sha1-32BBeABfUi8V60SQ5yR6G/qmf4w="
    "resolved" "https://registry.npm.taobao.org/path-to-regexp/download/path-to-regexp-0.1.7.tgz?cache=0&other_urls=https%3A%2F%2Fregistry.npm.taobao.org%2Fpath-to-regexp%2Fdownload%2Fpath-to-regexp-0.1.7.tgz"
    "version" "0.1.7"
  
  "picocolors@^1.0.0":
    "integrity" "sha1-y1vcdP8/UYkiNur3nWi8RFZKuBw="
    "resolved" "https://registry.npmmirror.com/picocolors/download/picocolors-1.0.0.tgz?cache=0&sync_timestamp=1634093378416&other_urls=https%3A%2F%2Fregistry.npmmirror.com%2Fpicocolors%2Fdownload%2Fpicocolors-1.0.0.tgz"
    "version" "1.0.0"
  
  "picomatch@^2.2.2":
    "integrity" "sha1-8fBh3o9qS/AiiS4tEoI0+5gwKXI="
    "resolved" "https://registry.nlark.com/picomatch/download/picomatch-2.3.0.tgz"
    "version" "2.3.0"
  
  "postcss@^8.3.8":
    "integrity" "sha1-w77KfqgRzV4cSj7G0udZnvH4+Fg="
    "resolved" "https://registry.npmmirror.com/postcss/download/postcss-8.3.11.tgz"
    "version" "8.3.11"
    dependencies:
      "nanoid" "^3.1.30"
      "picocolors" "^1.0.0"
      "source-map-js" "^0.6.2"
  
  "potpack@^1.0.1":
    "integrity" "sha1-I7meZOt09XQf/nZWtbXE3c6N/BQ="
    "resolved" "https://registry.npmmirror.com/potpack/download/potpack-1.0.2.tgz"
    "version" "1.0.2"
  
  "prop-types@^15.6.0":
    "integrity" "sha1-UsQedbjIfnK52TYOAga5ncv/psU="
    "resolved" "https://registry.npm.taobao.org/prop-types/download/prop-types-15.7.2.tgz"
    "version" "15.7.2"
    dependencies:
      "loose-envify" "^1.4.0"
      "object-assign" "^4.1.1"
      "react-is" "^16.8.1"
  
  "proxy-addr@~2.0.5":
    "integrity" "sha1-8Z/mnOqzEe65S0LnDowgcPm6ECU="
    "resolved" "https://registry.nlark.com/proxy-addr/download/proxy-addr-2.0.7.tgz?cache=0&sync_timestamp=1622509170257&other_urls=https%3A%2F%2Fregistry.nlark.com%2Fproxy-addr%2Fdownload%2Fproxy-addr-2.0.7.tgz"
    "version" "2.0.7"
    dependencies:
      "forwarded" "0.2.0"
      "ipaddr.js" "1.9.1"
  
  "qs@6.7.0":
    "integrity" "sha1-QdwaAV49WB8WIXdr4xr7KHapsbw="
    "resolved" "https://registry.nlark.com/qs/download/qs-6.7.0.tgz"
    "version" "6.7.0"
  
  "range-parser@~1.2.1":
    "integrity" "sha1-PPNwI9GZ4cJNGlW4SADC8+ZGgDE="
    "resolved" "https://registry.npm.taobao.org/range-parser/download/range-parser-1.2.1.tgz"
    "version" "1.2.1"
  
  "raw-body@2.4.0":
    "integrity" "sha1-oc5vucm8NWylLoklarWQWeE9AzI="
    "resolved" "https://registry.nlark.com/raw-body/download/raw-body-2.4.0.tgz"
    "version" "2.4.0"
    dependencies:
      "bytes" "3.1.0"
      "http-errors" "1.7.2"
      "iconv-lite" "0.4.24"
      "unpipe" "1.0.0"
  
  "react-composer@^5.0.1":
    "integrity" "sha1-jWHGH8zCh7Cn1792KojV1lTKhIY="
    "resolved" "https://registry.nlark.com/react-composer/download/react-composer-5.0.1.tgz"
    "version" "5.0.1"
    dependencies:
      "prop-types" "^15.6.0"
  
  "react-dom@^17.0.0", "react-dom@>=16.13", "react-dom@>=17.0":
    "integrity" "sha1-7P+2hF462Nv83EmPDQqTlzZQLCM="
    "resolved" "https://registry.npmmirror.com/react-dom/download/react-dom-17.0.2.tgz"
    "version" "17.0.2"
    dependencies:
      "loose-envify" "^1.1.0"
      "object-assign" "^4.1.1"
      "scheduler" "^0.20.2"
  
  "react-is@^16.8.1":
    "integrity" "sha1-eJcppNw23imZ3BVt1sHZwYzqVqQ="
    "resolved" "https://registry.npmmirror.com/react-is/download/react-is-16.13.1.tgz?cache=0&sync_timestamp=1636043968803&other_urls=https%3A%2F%2Fregistry.npmmirror.com%2Freact-is%2Fdownload%2Freact-is-16.13.1.tgz"
    "version" "16.13.1"
  
  "react-merge-refs@^1.1.0":
    "integrity" "sha1-c9iLiSxsaMu3pm4IAPqjdPTDiwY="
    "resolved" "https://registry.nlark.com/react-merge-refs/download/react-merge-refs-1.1.0.tgz"
    "version" "1.1.0"
  
  "react-reconciler@^0.26.2":
    "integrity" "sha1-u60OLRMJQj92zzwzCaxsluBenZE="
    "resolved" "https://registry.npmmirror.com/react-reconciler/download/react-reconciler-0.26.2.tgz"
    "version" "0.26.2"
    dependencies:
      "loose-envify" "^1.1.0"
      "object-assign" "^4.1.1"
      "scheduler" "^0.20.2"
  
  "react-refresh@^0.10.0":
    "integrity" "sha1-L1NslmDAubHVAGhNnlKmXnQE9+M="
    "resolved" "https://registry.npmmirror.com/react-refresh/download/react-refresh-0.10.0.tgz?cache=0&sync_timestamp=1636044125509&other_urls=https%3A%2F%2Fregistry.npmmirror.com%2Freact-refresh%2Fdownload%2Freact-refresh-0.10.0.tgz"
    "version" "0.10.0"
  
  "react-three-fiber@0.0.0-deprecated":
    "integrity" "sha1-xzckJIfYJM+VIDBzCLfkxAcaJ48="
    "resolved" "https://registry.nlark.com/react-three-fiber/download/react-three-fiber-0.0.0-deprecated.tgz"
    "version" "0.0.0-deprecated"
  
  "react-use-measure@^2.0.4":
    "integrity" "sha1-y2dbNurq82gblNX14IsqHggf7ck="
    "resolved" "https://registry.nlark.com/react-use-measure/download/react-use-measure-2.0.4.tgz"
    "version" "2.0.4"
    dependencies:
      "debounce" "^1.2.0"
  
  "react@^15.0.0 || ^16.0.0", "react@^17.0.0", "react@^17.0.2", "react@>=16.13", "react@>=16.8", "react@>=17.0", "react@17.0.2":
    "integrity" "sha1-0LXMUW0p6z7uOD91tihkz7aAADc="
    "resolved" "https://registry.npmmirror.com/react/download/react-17.0.2.tgz?cache=0&sync_timestamp=1636044013146&other_urls=https%3A%2F%2Fregistry.npmmirror.com%2Freact%2Fdownload%2Freact-17.0.2.tgz"
    "version" "17.0.2"
    dependencies:
      "loose-envify" "^1.1.0"
      "object-assign" "^4.1.1"
  
  "regenerator-runtime@^0.13.4":
    "integrity" "sha1-iSV0Kpj/2QgUmI11Zq0wyjsmO1I="
    "resolved" "https://registry.nlark.com/regenerator-runtime/download/regenerator-runtime-0.13.9.tgz?cache=0&sync_timestamp=1626993001371&other_urls=https%3A%2F%2Fregistry.nlark.com%2Fregenerator-runtime%2Fdownload%2Fregenerator-runtime-0.13.9.tgz"
    "version" "0.13.9"
  
  "regexp-to-ast@0.5.0":
    "integrity" "sha1-Vsc4Vr7l4f739zoA8Uc0UqtxKiQ="
    "resolved" "https://registry.npm.taobao.org/regexp-to-ast/download/regexp-to-ast-0.5.0.tgz"
    "version" "0.5.0"
  
  "require-from-string@^2.0.2":
    "integrity" "sha1-iaf92TgmEmcxjq/hT5wy5ZjDaQk="
    "resolved" "https://registry.npm.taobao.org/require-from-string/download/require-from-string-2.0.2.tgz"
    "version" "2.0.2"
  
  "resize-observer-polyfill@^1.5.1":
    "integrity" "sha1-DpAg3T0hAkRY1OvSfiPkAmmBBGQ="
    "resolved" "https://registry.npm.taobao.org/resize-observer-polyfill/download/resize-observer-polyfill-1.5.1.tgz"
    "version" "1.5.1"
  
  "resolve@^1.20.0":
    "integrity" "sha1-YpoBP7P3B1XW8LeTXMHCxTeLGXU="
    "resolved" "https://registry.npmmirror.com/resolve/download/resolve-1.20.0.tgz"
    "version" "1.20.0"
    dependencies:
      "is-core-module" "^2.2.0"
      "path-parse" "^1.0.6"
  
  "rollup@^2.57.0":
    "integrity" "sha1-EIxhsPoKN+vI0fFk8oFiIFbw21k="
    "resolved" "https://registry.npmmirror.com/rollup/download/rollup-2.59.0.tgz"
    "version" "2.59.0"
    optionalDependencies:
      "fsevents" "~2.3.2"
  
  "safe-buffer@~5.1.1", "safe-buffer@5.1.2":
    "integrity" "sha1-mR7GnSluAxN0fVm9/St0XDX4go0="
    "resolved" "https://registry.nlark.com/safe-buffer/download/safe-buffer-5.1.2.tgz"
    "version" "5.1.2"
  
  "safer-buffer@>= 2.1.2 < 3":
    "integrity" "sha1-RPoWGwGHuVSd2Eu5GAL5vYOFzWo="
    "resolved" "https://registry.nlark.com/safer-buffer/download/safer-buffer-2.1.2.tgz"
    "version" "2.1.2"
  
  "scheduler@^0.20.2":
    "integrity" "sha1-S67jlDbjSqk7SHS93L8P6Li1DpE="
    "resolved" "https://registry.npmmirror.com/scheduler/download/scheduler-0.20.2.tgz?cache=0&sync_timestamp=1636044098029&other_urls=https%3A%2F%2Fregistry.npmmirror.com%2Fscheduler%2Fdownload%2Fscheduler-0.20.2.tgz"
    "version" "0.20.2"
    dependencies:
      "loose-envify" "^1.1.0"
      "object-assign" "^4.1.1"
  
  "semver@^6.3.0":
    "integrity" "sha1-7gpkyK9ejO6mdoexM3YeG+y9HT0="
    "resolved" "https://registry.npm.taobao.org/semver/download/semver-6.3.0.tgz?cache=0&sync_timestamp=1616463641178&other_urls=https%3A%2F%2Fregistry.npm.taobao.org%2Fsemver%2Fdownload%2Fsemver-6.3.0.tgz"
    "version" "6.3.0"
  
  "send@0.17.1":
    "integrity" "sha1-wdiwWfeQD3Rm3Uk4vcROEd2zdsg="
    "resolved" "https://registry.nlark.com/send/download/send-0.17.1.tgz"
    "version" "0.17.1"
    dependencies:
      "debug" "2.6.9"
      "depd" "~1.1.2"
      "destroy" "~1.0.4"
      "encodeurl" "~1.0.2"
      "escape-html" "~1.0.3"
      "etag" "~1.8.1"
      "fresh" "0.5.2"
      "http-errors" "~1.7.2"
      "mime" "1.6.0"
      "ms" "2.1.1"
      "on-finished" "~2.3.0"
      "range-parser" "~1.2.1"
      "statuses" "~1.5.0"
  
  "serve-static@1.14.1":
    "integrity" "sha1-Zm5jbcTwEPfvKZcKiKZ0MgiYsvk="
    "resolved" "https://registry.nlark.com/serve-static/download/serve-static-1.14.1.tgz"
    "version" "1.14.1"
    dependencies:
      "encodeurl" "~1.0.2"
      "escape-html" "~1.0.3"
      "parseurl" "~1.3.3"
      "send" "0.17.1"
  
  "setprototypeof@1.1.1":
    "integrity" "sha1-fpWsskqpL1iF4KvvW6ExMw1K5oM="
    "resolved" "https://registry.npm.taobao.org/setprototypeof/download/setprototypeof-1.1.1.tgz"
    "version" "1.1.1"
  
  "source-map-js@^0.6.2":
    "integrity" "sha1-C7XeYxtBz72mz7qL0FqA79/SOF4="
    "resolved" "https://registry.npmmirror.com/source-map-js/download/source-map-js-0.6.2.tgz?cache=0&sync_timestamp=1636059119319&other_urls=https%3A%2F%2Fregistry.npmmirror.com%2Fsource-map-js%2Fdownload%2Fsource-map-js-0.6.2.tgz"
    "version" "0.6.2"
  
  "source-map@^0.5.0":
    "integrity" "sha1-igOdLRAh0i0eoUyA2OpGi6LvP8w="
    "resolved" "https://registry.npm.taobao.org/source-map/download/source-map-0.5.7.tgz"
    "version" "0.5.7"
  
  "stats.js@^0.17.0":
    "integrity" "sha1-scPcRtlEmLV4t/05hbgaznExzH0="
    "resolved" "https://registry.nlark.com/stats.js/download/stats.js-0.17.0.tgz"
    "version" "0.17.0"
  
  "statuses@>= 1.5.0 < 2", "statuses@~1.5.0":
    "integrity" "sha1-Fhx9rBd2Wf2YEfQ3cfqZOBR4Yow="
    "resolved" "https://registry.npm.taobao.org/statuses/download/statuses-1.5.0.tgz"
    "version" "1.5.0"
  
  "string.prototype.codepointat@^0.2.1":
    "integrity" "sha1-AErUTIr8cnUnsQjNRitNlxzUabw="
    "resolved" "https://registry.nlark.com/string.prototype.codepointat/download/string.prototype.codepointat-0.2.1.tgz"
    "version" "0.2.1"
  
  "supports-color@^5.3.0":
    "integrity" "sha1-4uaaRKyHcveKHsCzW2id9lMO/I8="
    "resolved" "https://registry.nlark.com/supports-color/download/supports-color-5.5.0.tgz?cache=0&sync_timestamp=1626703342506&other_urls=https%3A%2F%2Fregistry.nlark.com%2Fsupports-color%2Fdownload%2Fsupports-color-5.5.0.tgz"
    "version" "5.5.0"
    dependencies:
      "has-flag" "^3.0.0"
  
  "three-mesh-bvh@^0.5.0":
    "integrity" "sha1-bUNTMOSqaG3Nv3AzDI613UKxJzc="
    "resolved" "https://registry.npmmirror.com/three-mesh-bvh/download/three-mesh-bvh-0.5.2.tgz"
    "version" "0.5.2"
  
  "three-stdlib@^2.5.4":
    "integrity" "sha1-7i1s+EyjZvXo50wNvnYhFTKouRI="
    "resolved" "https://registry.npmmirror.com/three-stdlib/download/three-stdlib-2.5.5.tgz"
    "version" "2.5.5"
    dependencies:
      "@babel/runtime" "^7.14.6"
      "@webgpu/glslang" "^0.0.15"
      "@webxr-input-profiles/motion-controllers" "^1.0.0"
      "chevrotain" "^9.0.2"
      "draco3d" "^1.4.1"
      "fflate" "^0.6.9"
      "ktx-parse" "^0.2.1"
      "mmd-parser" "^1.0.4"
      "opentype.js" "^1.3.3"
      "potpack" "^1.0.1"
      "zstddec" "^0.0.2"
  
  "three@^0.134.0", "three@>= 0.123.0", "three@>=0.103.0", "three@>=0.126", "three@>=0.128.0":
    "integrity" "sha1-161NhdBQ2ghhvzl0mwbd+18XFX8="
    "resolved" "https://registry.npmmirror.com/three/download/three-0.134.0.tgz"
    "version" "0.134.0"
  
  "tiny-inflate@^1.0.3":
    "integrity" "sha1-EicVSUkToYBRZqr3yTRnkz7qJsQ="
    "resolved" "https://registry.npm.taobao.org/tiny-inflate/download/tiny-inflate-1.0.3.tgz"
    "version" "1.0.3"
  
  "to-fast-properties@^2.0.0":
    "integrity" "sha1-3F5pjL0HkmW8c+A3doGk5Og/YW4="
    "resolved" "https://registry.nlark.com/to-fast-properties/download/to-fast-properties-2.0.0.tgz?cache=0&sync_timestamp=1628418893613&other_urls=https%3A%2F%2Fregistry.nlark.com%2Fto-fast-properties%2Fdownload%2Fto-fast-properties-2.0.0.tgz"
    "version" "2.0.0"
  
  "toidentifier@1.0.0":
    "integrity" "sha1-fhvjRw8ed5SLxD2Uo8j013UrpVM="
    "resolved" "https://registry.npm.taobao.org/toidentifier/download/toidentifier-1.0.0.tgz"
    "version" "1.0.0"
  
  "troika-three-text@^0.43.0":
    "integrity" "sha1-fyIfCiD2TXYfjzdJbI0Q4WW2NZI="
    "resolved" "https://registry.npmmirror.com/troika-three-text/download/troika-three-text-0.43.0.tgz"
    "version" "0.43.0"
    dependencies:
      "bidi-js" "^1.0.2"
      "troika-three-utils" "^0.43.0"
      "troika-worker-utils" "^0.43.0"
  
  "troika-three-utils@^0.43.0":
    "integrity" "sha1-/6G3r9Z3Tv86txeZfuyIh2VHOyQ="
    "resolved" "https://registry.nlark.com/troika-three-utils/download/troika-three-utils-0.43.0.tgz"
    "version" "0.43.0"
  
  "troika-worker-utils@^0.43.0":
    "integrity" "sha1-8ku/PX0l+H9yFQs3vzX6EF9xYL0="
    "resolved" "https://registry.nlark.com/troika-worker-utils/download/troika-worker-utils-0.43.0.tgz"
    "version" "0.43.0"
  
  "type-is@~1.6.17", "type-is@~1.6.18":
    "integrity" "sha1-TlUs0F3wlGfcvE73Od6J8s83wTE="
    "resolved" "https://registry.nlark.com/type-is/download/type-is-1.6.18.tgz"
    "version" "1.6.18"
    dependencies:
      "media-typer" "0.3.0"
      "mime-types" "~2.1.24"
  
  "unpipe@~1.0.0", "unpipe@1.0.0":
    "integrity" "sha1-sr9O6FFKrmFltIF4KdIbLvSZBOw="
    "resolved" "https://registry.npm.taobao.org/unpipe/download/unpipe-1.0.0.tgz"
    "version" "1.0.0"
  
  "use-asset@^1.0.4":
    "integrity" "sha1-UGyq/Cn2AokFk3meWLV3twKTpuI="
    "resolved" "https://registry.nlark.com/use-asset/download/use-asset-1.0.4.tgz"
    "version" "1.0.4"
    dependencies:
      "fast-deep-equal" "^3.1.3"
  
  "utility-types@^3.10.0":
    "integrity" "sha1-6kFI+adBAV8F7XT9YV4dIOa+2Cs="
    "resolved" "https://registry.npm.taobao.org/utility-types/download/utility-types-3.10.0.tgz"
    "version" "3.10.0"
  
  "utils-merge@1.0.1":
    "integrity" "sha1-n5VxD1CiZ5R7LMwSR0HBAoQn5xM="
    "resolved" "https://registry.nlark.com/utils-merge/download/utils-merge-1.0.1.tgz"
    "version" "1.0.1"
  
  "vary@~1.1.2":
    "integrity" "sha1-IpnwLG3tMNSllhsLn3RSShj2NPw="
    "resolved" "https://registry.nlark.com/vary/download/vary-1.1.2.tgz"
    "version" "1.1.2"
  
  "vite@^2.6.4":
    "integrity" "sha1-FrPshaZtW0YawpqQOHTUNX+a9DI="
    "resolved" "https://registry.npmmirror.com/vite/download/vite-2.6.13.tgz?cache=0&sync_timestamp=1636008379359&other_urls=https%3A%2F%2Fregistry.npmmirror.com%2Fvite%2Fdownload%2Fvite-2.6.13.tgz"
    "version" "2.6.13"
    dependencies:
      "esbuild" "^0.13.2"
      "postcss" "^8.3.8"
      "resolve" "^1.20.0"
      "rollup" "^2.57.0"
    optionalDependencies:
      "fsevents" "~2.3.2"
  
  "webgl-constants@^1.1.1":
    "integrity" "sha1-+WM+6H/qVmR6YLnOc1y9+4kcaFU="
    "resolved" "https://registry.nlark.com/webgl-constants/download/webgl-constants-1.1.1.tgz"
    "version" "1.1.1"
  
  "zstddec@^0.0.2":
    "integrity" "sha1-V+LyjdH/VrdQ4H0VikPwYRrZ7rQ="
    "resolved" "https://registry.nlark.com/zstddec/download/zstddec-0.0.2.tgz"
    "version" "0.0.2"
  
  "zustand@^3.5.1", "zustand@^3.5.13":
    "integrity" "sha1-Ku1AQHLj1FOPvDgLz07uiLF0BR0="
    "resolved" "https://registry.npmmirror.com/zustand/download/zustand-3.6.4.tgz"
    "version" "3.6.4"
